
Not Matched Dates and suffix  a b c 2013.12.13 2013.12.14 2013.12.15 2013.12.16 2013.12.17

Matched Dates and suffix 
a
here
b
here
c
here
2013.12.13
here
2013.12.14
here
2013.12.15
here
2013.12.16
here
2013.12.17
here
2013.12.13
2013.12.14
2013.12.15
2013.12.16
2013.12.17

a
b
c

2013.12.13 
2013.12.14 
2013.12.15 a
2013.12.15 b
2013.12.15 c
2013.12.16 
2013.12.17 
These files are of 0kb processed_logs/tp2013.12.17.log
These files are of 0kb processed_logs/tp2013.12.16.log
processed_logs/tp2013.12.15_a.log:6
processed_logs/tp2013.12.15_c.log:6
processed_logs/tp2013.12.17.log:0
processed_logs/tp2013.12.13.log:6
processed_logs/tp2013.12.14.log:6
processed_logs/tp2013.12.16.log:0
processed_logs/tp2013.12.15_b.log:6
